<?xml version="1.0" encoding="UTF-8" standalone="no"?><testsuite errors="6" failures="0" name="Product Filtering" skipped="1" tests="7" time="152.95" timestamp="2025-01-02 10:40:11"><testcase name="Filter by Price Range"><error message="stale element reference: stale element not found&#10;  (Session info: chrome=131.0.6778.205)&#10;For documentation on this error, please visit: https://www.selenium.dev/documentation/webdriver/troubleshooting/errors#stale-element-reference-exception&#10;Build info: version: '4.26.0', revision: '8ccf0219d7'&#10;System info: os.name: 'Windows 10', os.arch: 'amd64', os.version: '10.0', java.version: '21.0.5'&#10;Driver info: org.openqa.selenium.chrome.ChromeDriver&#10;Command: [056c1b034c7f6db4fb8a09a403cb7553, sendKeysToElement {id=f.B88769E34C4AA4D151236DE42638AC94.d.2F9793F93B43C28749F9BF98CEFDA114.e.48, value=[Ljava.lang.CharSequence;@2c815fdc}]&#10;Capabilities {acceptInsecureCerts: false, browserName: chrome, browserVersion: 131.0.6778.205, chrome: {chromedriverVersion: 131.0.6778.204 (52183f9e99a..., userDataDir: C:\Users\hp\AppData\Local\T...}, fedcm:accounts: true, goog:chromeOptions: {debuggerAddress: localhost:59869}, networkConnectionEnabled: false, pageLoadStrategy: normal, platformName: windows, proxy: Proxy(), se:cdp: ws://localhost:59869/devtoo..., se:cdpVersion: 131.0.6778.205, setWindowRect: true, strictFileInteractability: false, timeouts: {implicit: 0, pageLoad: 300000, script: 30000}, unhandledPromptBehavior: dismiss and notify, webauthn:extension:credBlob: true, webauthn:extension:largeBlob: true, webauthn:extension:minPinLength: true, webauthn:extension:prf: true, webauthn:virtualAuthenticators: true}&#10;Element: [[ChromeDriver: chrome on windows (056c1b034c7f6db4fb8a09a403cb7553)] -&gt; xpath: //input[@id='amount-max']]&#10;Session ID: 056c1b034c7f6db4fb8a09a403cb7553" type="org.openqa.selenium.StaleElementReferenceException">stale element reference: stale element not found
  (Session info: chrome=131.0.6778.205)
For documentation on this error, please visit: https://www.selenium.dev/documentation/webdriver/troubleshooting/errors#stale-element-reference-exception
Build info: version: '4.26.0', revision: '8ccf0219d7'
System info: os.name: 'Windows 10', os.arch: 'amd64', os.version: '10.0', java.version: '21.0.5'
Driver info: org.openqa.selenium.chrome.ChromeDriver
Command: [056c1b034c7f6db4fb8a09a403cb7553, sendKeysToElement {id=f.B88769E34C4AA4D151236DE42638AC94.d.2F9793F93B43C28749F9BF98CEFDA114.e.48, value=[Ljava.lang.CharSequence;@2c815fdc}]
Capabilities {acceptInsecureCerts: false, browserName: chrome, browserVersion: 131.0.6778.205, chrome: {chromedriverVersion: 131.0.6778.204 (52183f9e99a..., userDataDir: C:\Users\hp\AppData\Local\T...}, fedcm:accounts: true, goog:chromeOptions: {debuggerAddress: localhost:59869}, networkConnectionEnabled: false, pageLoadStrategy: normal, platformName: windows, proxy: Proxy(), se:cdp: ws://localhost:59869/devtoo..., se:cdpVersion: 131.0.6778.205, setWindowRect: true, strictFileInteractability: false, timeouts: {implicit: 0, pageLoad: 300000, script: 30000}, unhandledPromptBehavior: dismiss and notify, webauthn:extension:credBlob: true, webauthn:extension:largeBlob: true, webauthn:extension:minPinLength: true, webauthn:extension:prf: true, webauthn:virtualAuthenticators: true}
Element: [[ChromeDriver: chrome on windows (056c1b034c7f6db4fb8a09a403cb7553)] -&gt; xpath: //input[@id='amount-max']]
Session ID: 056c1b034c7f6db4fb8a09a403cb7553</error><system-err>stale element reference: stale element not found
  (Session info: chrome=131.0.6778.205)
For documentation on this error, please visit: https://www.selenium.dev/documentation/webdriver/troubleshooting/errors#stale-element-reference-exception
Build info: version: '4.26.0', revision: '8ccf0219d7'
System info: os.name: 'Windows 10', os.arch: 'amd64', os.version: '10.0', java.version: '21.0.5'
Driver info: org.openqa.selenium.chrome.ChromeDriver
Command: [056c1b034c7f6db4fb8a09a403cb7553, sendKeysToElement {id=f.B88769E34C4AA4D151236DE42638AC94.d.2F9793F93B43C28749F9BF98CEFDA114.e.48, value=[Ljava.lang.CharSequence;@2c815fdc}]
Capabilities {acceptInsecureCerts: false, browserName: chrome, browserVersion: 131.0.6778.205, chrome: {chromedriverVersion: 131.0.6778.204 (52183f9e99a..., userDataDir: C:\Users\hp\AppData\Local\T...}, fedcm:accounts: true, goog:chromeOptions: {debuggerAddress: localhost:59869}, networkConnectionEnabled: false, pageLoadStrategy: normal, platformName: windows, proxy: Proxy(), se:cdp: ws://localhost:59869/devtoo..., se:cdpVersion: 131.0.6778.205, setWindowRect: true, strictFileInteractability: false, timeouts: {implicit: 0, pageLoad: 300000, script: 30000}, unhandledPromptBehavior: dismiss and notify, webauthn:extension:credBlob: true, webauthn:extension:largeBlob: true, webauthn:extension:minPinLength: true, webauthn:extension:prf: true, webauthn:virtualAuthenticators: true}
Element: [[ChromeDriver: chrome on windows (056c1b034c7f6db4fb8a09a403cb7553)] -&gt; xpath: //input[@id='amount-max']]
Session ID: 056c1b034c7f6db4fb8a09a403cb7553&#13;
pages.FilterPage.enterMaxPrice(FilterPage.java:44)&#13;
steps.FilterSteps.userFiltersWithPriceRange(FilterSteps.java:27)&#13;
</system-err></testcase><testcase name="Filter by Category"><error message="Cannot invoke &quot;java.util.List.iterator()&quot; because &quot;this.productCards&quot; is null" type="java.lang.NullPointerException">Cannot invoke "java.util.List.iterator()" because "this.productCards" is null</error><system-err>Cannot invoke "java.util.List.iterator()" because "this.productCards" is null&#13;
pages.FilterPage.isProductInCategory(FilterPage.java:82)&#13;
steps.FilterSteps.productsShouldBeFilteredByCategory(FilterSteps.java:42)&#13;
</system-err></testcase><testcase name="Filter by Availability"><error message="Cannot invoke &quot;java.util.List.iterator()&quot; because &quot;this.productCards&quot; is null" type="java.lang.NullPointerException">Cannot invoke "java.util.List.iterator()" because "this.productCards" is null</error><system-err>Cannot invoke "java.util.List.iterator()" because "this.productCards" is null&#13;
pages.FilterPage.isOutOfStockProductListed(FilterPage.java:93)&#13;
steps.FilterSteps.outOfStockProductShouldNotBeListed(FilterSteps.java:52)&#13;
</system-err></testcase><testcase name="Filter by Offers"><error message="Cannot invoke &quot;java.util.List.iterator()&quot; because &quot;this.productCards&quot; is null" type="java.lang.NullPointerException">Cannot invoke "java.util.List.iterator()" because "this.productCards" is null</error><system-err>Cannot invoke "java.util.List.iterator()" because "this.productCards" is null&#13;
pages.FilterPage.isProductInOfferCategory(FilterPage.java:103)&#13;
steps.FilterSteps.productsThatAreNotInTheOfferCategoryShouldNotBeListed(FilterSteps.java:62)&#13;
</system-err></testcase><testcase name="Combine Multiple Filters"><error message="stale element reference: stale element not found&#10;  (Session info: chrome=131.0.6778.205)&#10;For documentation on this error, please visit: https://www.selenium.dev/documentation/webdriver/troubleshooting/errors#stale-element-reference-exception&#10;Build info: version: '4.26.0', revision: '8ccf0219d7'&#10;System info: os.name: 'Windows 10', os.arch: 'amd64', os.version: '10.0', java.version: '21.0.5'&#10;Driver info: org.openqa.selenium.chrome.ChromeDriver&#10;Command: [1e1e41758adafb187918b84f9fd82869, sendKeysToElement {id=f.34334001F8D5AB89CF3605EA5D9C049E.d.E309631A2B73E22CE3AD1B7556D282BF.e.296, value=[Ljava.lang.CharSequence;@e171f93}]&#10;Capabilities {acceptInsecureCerts: false, browserName: chrome, browserVersion: 131.0.6778.205, chrome: {chromedriverVersion: 131.0.6778.204 (52183f9e99a..., userDataDir: C:\Users\hp\AppData\Local\T...}, fedcm:accounts: true, goog:chromeOptions: {debuggerAddress: localhost:60162}, networkConnectionEnabled: false, pageLoadStrategy: normal, platformName: windows, proxy: Proxy(), se:cdp: ws://localhost:60162/devtoo..., se:cdpVersion: 131.0.6778.205, setWindowRect: true, strictFileInteractability: false, timeouts: {implicit: 0, pageLoad: 300000, script: 30000}, unhandledPromptBehavior: dismiss and notify, webauthn:extension:credBlob: true, webauthn:extension:largeBlob: true, webauthn:extension:minPinLength: true, webauthn:extension:prf: true, webauthn:virtualAuthenticators: true}&#10;Element: [[ChromeDriver: chrome on windows (1e1e41758adafb187918b84f9fd82869)] -&gt; xpath: //input[@id='amount-max']]&#10;Session ID: 1e1e41758adafb187918b84f9fd82869" type="org.openqa.selenium.StaleElementReferenceException">stale element reference: stale element not found
  (Session info: chrome=131.0.6778.205)
For documentation on this error, please visit: https://www.selenium.dev/documentation/webdriver/troubleshooting/errors#stale-element-reference-exception
Build info: version: '4.26.0', revision: '8ccf0219d7'
System info: os.name: 'Windows 10', os.arch: 'amd64', os.version: '10.0', java.version: '21.0.5'
Driver info: org.openqa.selenium.chrome.ChromeDriver
Command: [1e1e41758adafb187918b84f9fd82869, sendKeysToElement {id=f.34334001F8D5AB89CF3605EA5D9C049E.d.E309631A2B73E22CE3AD1B7556D282BF.e.296, value=[Ljava.lang.CharSequence;@e171f93}]
Capabilities {acceptInsecureCerts: false, browserName: chrome, browserVersion: 131.0.6778.205, chrome: {chromedriverVersion: 131.0.6778.204 (52183f9e99a..., userDataDir: C:\Users\hp\AppData\Local\T...}, fedcm:accounts: true, goog:chromeOptions: {debuggerAddress: localhost:60162}, networkConnectionEnabled: false, pageLoadStrategy: normal, platformName: windows, proxy: Proxy(), se:cdp: ws://localhost:60162/devtoo..., se:cdpVersion: 131.0.6778.205, setWindowRect: true, strictFileInteractability: false, timeouts: {implicit: 0, pageLoad: 300000, script: 30000}, unhandledPromptBehavior: dismiss and notify, webauthn:extension:credBlob: true, webauthn:extension:largeBlob: true, webauthn:extension:minPinLength: true, webauthn:extension:prf: true, webauthn:virtualAuthenticators: true}
Element: [[ChromeDriver: chrome on windows (1e1e41758adafb187918b84f9fd82869)] -&gt; xpath: //input[@id='amount-max']]
Session ID: 1e1e41758adafb187918b84f9fd82869</error><system-err>stale element reference: stale element not found
  (Session info: chrome=131.0.6778.205)
For documentation on this error, please visit: https://www.selenium.dev/documentation/webdriver/troubleshooting/errors#stale-element-reference-exception
Build info: version: '4.26.0', revision: '8ccf0219d7'
System info: os.name: 'Windows 10', os.arch: 'amd64', os.version: '10.0', java.version: '21.0.5'
Driver info: org.openqa.selenium.chrome.ChromeDriver
Command: [1e1e41758adafb187918b84f9fd82869, sendKeysToElement {id=f.34334001F8D5AB89CF3605EA5D9C049E.d.E309631A2B73E22CE3AD1B7556D282BF.e.296, value=[Ljava.lang.CharSequence;@e171f93}]
Capabilities {acceptInsecureCerts: false, browserName: chrome, browserVersion: 131.0.6778.205, chrome: {chromedriverVersion: 131.0.6778.204 (52183f9e99a..., userDataDir: C:\Users\hp\AppData\Local\T...}, fedcm:accounts: true, goog:chromeOptions: {debuggerAddress: localhost:60162}, networkConnectionEnabled: false, pageLoadStrategy: normal, platformName: windows, proxy: Proxy(), se:cdp: ws://localhost:60162/devtoo..., se:cdpVersion: 131.0.6778.205, setWindowRect: true, strictFileInteractability: false, timeouts: {implicit: 0, pageLoad: 300000, script: 30000}, unhandledPromptBehavior: dismiss and notify, webauthn:extension:credBlob: true, webauthn:extension:largeBlob: true, webauthn:extension:minPinLength: true, webauthn:extension:prf: true, webauthn:virtualAuthenticators: true}
Element: [[ChromeDriver: chrome on windows (1e1e41758adafb187918b84f9fd82869)] -&gt; xpath: //input[@id='amount-max']]
Session ID: 1e1e41758adafb187918b84f9fd82869&#13;
pages.FilterPage.enterMaxPrice(FilterPage.java:44)&#13;
steps.FilterSteps.userAppliesMultipleFilters(FilterSteps.java:69)&#13;
</system-err></testcase><testcase name="Filter by Sorting option"><error message="Expected condition failed: waiting for presence of element located by: By.xpath: //select[@class='form-select'] (tried for 20 second(s) with 500 milliseconds interval)" type="org.openqa.selenium.TimeoutException">Expected condition failed: waiting for presence of element located by: By.xpath: //select[@class='form-select'] (tried for 20 second(s) with 500 milliseconds interval)</error><system-err>Expected condition failed: waiting for presence of element located by: By.xpath: //select[@class='form-select'] (tried for 20 second(s) with 500 milliseconds interval)&#13;
pages.FilterPage.waitForElement(FilterPage.java:35)&#13;
pages.FilterPage.selectSortOption(FilterPage.java:61)&#13;
steps.FilterSteps.userSortsBy(FilterSteps.java:81)&#13;
</system-err></testcase><testcase name="Clear all filters"><skipped/></testcase></testsuite>